{"/Users/lihua/Desktop/store/webpack-learn-code/super-builder-webpack/lib/webpack.base.js":{"path":"/Users/lihua/Desktop/store/webpack-learn-code/super-builder-webpack/lib/webpack.base.js","s":{"1":1,"2":1,"3":1,"4":1,"5":1,"6":1,"7":1,"8":1,"9":1,"10":1,"11":1,"12":1,"13":1,"14":1,"15":2,"16":2,"17":2,"18":2,"19":2,"20":1,"21":1,"22":1,"23":0,"24":0,"25":0,"26":0},"b":{"1":[2,2],"2":[0,0],"3":[0,0,0]},"f":{"1":1,"2":0},"fnMap":{"1":{"name":"setMPA","line":12,"loc":{"start":{"line":12,"column":0},"end":{"line":12,"column":18}}},"2":{"name":"buildErrorFun","line":116,"loc":{"start":{"line":116,"column":4},"end":{"line":116,"column":29}}}},"statementMap":{"1":{"start":{"line":1,"column":0},"end":{"line":1,"column":63}},"2":{"start":{"line":2,"column":0},"end":{"line":2,"column":57}},"3":{"start":{"line":3,"column":0},"end":{"line":3,"column":64}},"4":{"start":{"line":4,"column":0},"end":{"line":4,"column":78}},"5":{"start":{"line":5,"column":0},"end":{"line":5,"column":29}},"6":{"start":{"line":6,"column":0},"end":{"line":6,"column":29}},"7":{"start":{"line":9,"column":0},"end":{"line":9,"column":34}},"8":{"start":{"line":10,"column":0},"end":{"line":10,"column":25}},"9":{"start":{"line":12,"column":0},"end":{"line":50,"column":1}},"10":{"start":{"line":13,"column":2},"end":{"line":13,"column":20}},"11":{"start":{"line":14,"column":2},"end":{"line":14,"column":32}},"12":{"start":{"line":16,"column":2},"end":{"line":16,"column":75}},"13":{"start":{"line":17,"column":2},"end":{"line":17,"column":26}},"14":{"start":{"line":20,"column":2},"end":{"line":44,"column":5}},"15":{"start":{"line":21,"column":4},"end":{"line":21,"column":40}},"16":{"start":{"line":22,"column":4},"end":{"line":22,"column":58}},"17":{"start":{"line":23,"column":4},"end":{"line":23,"column":39}},"18":{"start":{"line":25,"column":4},"end":{"line":25,"column":33}},"19":{"start":{"line":27,"column":4},"end":{"line":43,"column":6}},"20":{"start":{"line":46,"column":2},"end":{"line":49,"column":4}},"21":{"start":{"line":52,"column":0},"end":{"line":52,"column":48}},"22":{"start":{"line":54,"column":0},"end":{"line":127,"column":2}},"23":{"start":{"line":117,"column":6},"end":{"line":124,"column":9}},"24":{"start":{"line":118,"column":8},"end":{"line":123,"column":9}},"25":{"start":{"line":121,"column":10},"end":{"line":121,"column":37}},"26":{"start":{"line":122,"column":10},"end":{"line":122,"column":26}}},"branchMap":{"1":{"line":23,"type":"binary-expr","locations":[{"start":{"line":23,"column":21},"end":{"line":23,"column":26}},{"start":{"line":23,"column":30},"end":{"line":23,"column":38}}]},"2":{"line":118,"type":"if","locations":[{"start":{"line":118,"column":8},"end":{"line":118,"column":8}},{"start":{"line":118,"column":8},"end":{"line":118,"column":8}}]},"3":{"line":118,"type":"binary-expr","locations":[{"start":{"line":118,"column":12},"end":{"line":118,"column":36}},{"start":{"line":119,"column":18},"end":{"line":119,"column":49}},{"start":{"line":120,"column":18},"end":{"line":120,"column":55}}]}}}}