TN:
SF:/Users/lihua/Desktop/store/webpack-learn-code/super-builder-webpack/lib/webpack.base.js
FN:12,setMPA
FN:116,buildErrorFun
FNF:2
FNH:1
FNDA:1,setMPA
FNDA:0,buildErrorFun
DA:1,1
DA:2,1
DA:3,1
DA:4,1
DA:5,1
DA:6,1
DA:9,1
DA:10,1
DA:12,1
DA:13,1
DA:14,1
DA:16,1
DA:17,1
DA:20,1
DA:21,2
DA:22,2
DA:23,2
DA:25,2
DA:27,2
DA:46,1
DA:52,1
DA:54,1
DA:117,0
DA:118,0
DA:121,0
DA:122,0
LF:26
LH:22
BRDA:23,1,0,2
BRDA:23,1,1,2
BRDA:118,2,0,0
BRDA:118,2,1,0
BRDA:118,3,0,0
BRDA:118,3,1,0
BRDA:118,3,2,0
BRF:7
BRH:2
end_of_record
